<?xml version="1.0" encoding="UTF-8"?>
<coverage generated="1614301276331" clover="3.2.0">
  <project timestamp="1614301276331" name="All files">
    <metrics statements="37" coveredstatements="28" conditionals="16" coveredconditionals="10" methods="5" coveredmethods="3" elements="58" coveredelements="41" complexity="0" loc="37" ncloc="37" packages="1" files="1" classes="1"/>
    <file name="functions.js" path="/Users/juanpabon/Desktop/juan/kibernum_test/js/functions.js">
      <metrics statements="37" coveredstatements="28" conditionals="16" coveredconditionals="10" methods="5" coveredmethods="3"/>
      <line num="1" count="1" type="stmt"/>
      <line num="2" count="31" type="cond" truecount="2" falsecount="0"/>
      <line num="3" count="30" type="stmt"/>
      <line num="4" count="23" type="cond" truecount="2" falsecount="0"/>
      <line num="5" count="5" type="stmt"/>
      <line num="7" count="25" type="stmt"/>
      <line num="10" count="1" type="stmt"/>
      <line num="11" count="16" type="stmt"/>
      <line num="12" count="16" type="stmt"/>
      <line num="13" count="30" type="cond" truecount="2" falsecount="0"/>
      <line num="14" count="25" type="stmt"/>
      <line num="17" count="16" type="stmt"/>
      <line num="20" count="1" type="cond" truecount="0" falsecount="2"/>
      <line num="22" count="1" type="stmt"/>
      <line num="23" count="0" type="stmt"/>
      <line num="24" count="0" type="stmt"/>
      <line num="25" count="0" type="cond" truecount="0" falsecount="2"/>
      <line num="26" count="0" type="stmt"/>
      <line num="27" count="0" type="stmt"/>
      <line num="29" count="0" type="stmt"/>
      <line num="31" count="0" type="cond" truecount="0" falsecount="2"/>
      <line num="32" count="0" type="stmt"/>
      <line num="35" count="0" type="stmt"/>
      <line num="40" count="1" type="stmt"/>
      <line num="41" count="1" type="stmt"/>
      <line num="42" count="1" type="stmt"/>
      <line num="43" count="1" type="stmt"/>
      <line num="45" count="1" type="stmt"/>
      <line num="46" count="14" type="stmt"/>
      <line num="47" count="14" type="stmt"/>
      <line num="48" count="19" type="cond" truecount="2" falsecount="0"/>
      <line num="49" count="9" type="stmt"/>
      <line num="52" count="14" type="cond" truecount="2" falsecount="0"/>
      <line num="53" count="8" type="stmt"/>
      <line num="55" count="6" type="stmt"/>
      <line num="58" count="1" type="stmt"/>
      <line num="61" count="1" type="stmt"/>
    </file>
  </project>
</coverage>
