{"/Users/juanpabon/Desktop/juan/kibernum_test/js/functions.js": {"path":"/Users/juanpabon/Desktop/juan/kibernum_test/js/functions.js","statementMap":{"0":{"start":{"line":1,"column":0},"end":{"line":8,"column":3}},"1":{"start":{"line":2,"column":4},"end":{"line":2,"column":30}},"2":{"start":{"line":2,"column":17},"end":{"line":2,"column":30}},"3":{"start":{"line":3,"column":4},"end":{"line":6,"column":5}},"4":{"start":{"line":3,"column":17},"end":{"line":3,"column":18}},"5":{"start":{"line":4,"column":6},"end":{"line":5,"column":21}},"6":{"start":{"line":5,"column":8},"end":{"line":5,"column":21}},"7":{"start":{"line":7,"column":4},"end":{"line":7,"column":16}},"8":{"start":{"line":10,"column":0},"end":{"line":18,"column":3}},"9":{"start":{"line":11,"column":22},"end":{"line":11,"column":24}},"10":{"start":{"line":12,"column":4},"end":{"line":16,"column":5}},"11":{"start":{"line":12,"column":20},"end":{"line":12,"column":44}},"12":{"start":{"line":13,"column":6},"end":{"line":15,"column":7}},"13":{"start":{"line":14,"column":8},"end":{"line":14,"column":31}},"14":{"start":{"line":17,"column":4},"end":{"line":17,"column":23}},"15":{"start":{"line":20,"column":0},"end":{"line":20,"column":62}},"16":{"start":{"line":20,"column":23},"end":{"line":20,"column":61}},"17":{"start":{"line":22,"column":0},"end":{"line":38,"column":1}},"18":{"start":{"line":23,"column":4},"end":{"line":36,"column":5}},"19":{"start":{"line":24,"column":21},"end":{"line":24,"column":39}},"20":{"start":{"line":25,"column":8},"end":{"line":28,"column":9}},"21":{"start":{"line":26,"column":12},"end":{"line":26,"column":71}},"22":{"start":{"line":27,"column":12},"end":{"line":27,"column":19}},"23":{"start":{"line":29,"column":25},"end":{"line":29,"column":55}},"24":{"start":{"line":31,"column":7},"end":{"line":33,"column":8}},"25":{"start":{"line":32,"column":8},"end":{"line":32,"column":48}},"26":{"start":{"line":35,"column":8},"end":{"line":35,"column":56}},"27":{"start":{"line":40,"column":0},"end":{"line":59,"column":3}},"28":{"start":{"line":41,"column":21},"end":{"line":41,"column":23}},"29":{"start":{"line":42,"column":17},"end":{"line":42,"column":19}},"30":{"start":{"line":43,"column":20},"end":{"line":43,"column":21}},"31":{"start":{"line":45,"column":4},"end":{"line":57,"column":5}},"32":{"start":{"line":45,"column":21},"end":{"line":45,"column":37}},"33":{"start":{"line":46,"column":6},"end":{"line":46,"column":39}},"34":{"start":{"line":47,"column":6},"end":{"line":51,"column":7}},"35":{"start":{"line":47,"column":31},"end":{"line":47,"column":32}},"36":{"start":{"line":48,"column":8},"end":{"line":50,"column":9}},"37":{"start":{"line":49,"column":10},"end":{"line":49,"column":22}},"38":{"start":{"line":52,"column":6},"end":{"line":56,"column":7}},"39":{"start":{"line":53,"column":8},"end":{"line":53,"column":22}},"40":{"start":{"line":55,"column":8},"end":{"line":55,"column":27}},"41":{"start":{"line":58,"column":4},"end":{"line":58,"column":18}},"42":{"start":{"line":61,"column":2},"end":{"line":61,"column":98}}},"fnMap":{"0":{"name":"(anonymous_0)","decl":{"start":{"line":1,"column":18},"end":{"line":1,"column":19}},"loc":{"start":{"line":1,"column":25},"end":{"line":8,"column":3}},"line":1},"1":{"name":"(anonymous_1)","decl":{"start":{"line":10,"column":15},"end":{"line":10,"column":16}},"loc":{"start":{"line":10,"column":22},"end":{"line":18,"column":3}},"line":10},"2":{"name":"(anonymous_2)","decl":{"start":{"line":20,"column":16},"end":{"line":20,"column":17}},"loc":{"start":{"line":20,"column":23},"end":{"line":20,"column":61}},"line":20},"3":{"name":"(anonymous_3)","decl":{"start":{"line":22,"column":20},"end":{"line":22,"column":21}},"loc":{"start":{"line":22,"column":34},"end":{"line":38,"column":1}},"line":22},"4":{"name":"(anonymous_4)","decl":{"start":{"line":40,"column":14},"end":{"line":40,"column":15}},"loc":{"start":{"line":40,"column":24},"end":{"line":59,"column":3}},"line":40}},"branchMap":{"0":{"loc":{"start":{"line":2,"column":4},"end":{"line":2,"column":30}},"type":"if","locations":[{"start":{"line":2,"column":4},"end":{"line":2,"column":30}},{"start":{"line":2,"column":4},"end":{"line":2,"column":30}}],"line":2},"1":{"loc":{"start":{"line":4,"column":6},"end":{"line":5,"column":21}},"type":"if","locations":[{"start":{"line":4,"column":6},"end":{"line":5,"column":21}},{"start":{"line":4,"column":6},"end":{"line":5,"column":21}}],"line":4},"2":{"loc":{"start":{"line":13,"column":6},"end":{"line":15,"column":7}},"type":"if","locations":[{"start":{"line":13,"column":6},"end":{"line":15,"column":7}},{"start":{"line":13,"column":6},"end":{"line":15,"column":7}}],"line":13},"3":{"loc":{"start":{"line":20,"column":23},"end":{"line":20,"column":61}},"type":"cond-expr","locations":[{"start":{"line":20,"column":49},"end":{"line":20,"column":53}},{"start":{"line":20,"column":56},"end":{"line":20,"column":61}}],"line":20},"4":{"loc":{"start":{"line":25,"column":8},"end":{"line":28,"column":9}},"type":"if","locations":[{"start":{"line":25,"column":8},"end":{"line":28,"column":9}},{"start":{"line":25,"column":8},"end":{"line":28,"column":9}}],"line":25},"5":{"loc":{"start":{"line":31,"column":7},"end":{"line":33,"column":8}},"type":"if","locations":[{"start":{"line":31,"column":7},"end":{"line":33,"column":8}},{"start":{"line":31,"column":7},"end":{"line":33,"column":8}}],"line":31},"6":{"loc":{"start":{"line":48,"column":8},"end":{"line":50,"column":9}},"type":"if","locations":[{"start":{"line":48,"column":8},"end":{"line":50,"column":9}},{"start":{"line":48,"column":8},"end":{"line":50,"column":9}}],"line":48},"7":{"loc":{"start":{"line":52,"column":6},"end":{"line":56,"column":7}},"type":"if","locations":[{"start":{"line":52,"column":6},"end":{"line":56,"column":7}},{"start":{"line":52,"column":6},"end":{"line":56,"column":7}}],"line":52}},"s":{"0":1,"1":31,"2":1,"3":30,"4":30,"5":23,"6":5,"7":25,"8":1,"9":16,"10":16,"11":16,"12":30,"13":25,"14":16,"15":1,"16":0,"17":1,"18":0,"19":0,"20":0,"21":0,"22":0,"23":0,"24":0,"25":0,"26":0,"27":1,"28":1,"29":1,"30":1,"31":1,"32":1,"33":14,"34":14,"35":14,"36":19,"37":9,"38":14,"39":8,"40":6,"41":1,"42":1},"f":{"0":31,"1":16,"2":0,"3":0,"4":1},"b":{"0":[1,30],"1":[5,18],"2":[25,5],"3":[0,0],"4":[0,0],"5":[0,0],"6":[9,10],"7":[8,6]},"_coverageSchema":"1a1c01bbd47fc00a2c39e90264f33305004495a9","hash":"9df4412cd6df4a40aaef8a38305bb92d671bb91c"}
}
