TN:
SF:js/functions.js
FN:1,(anonymous_0)
FN:10,(anonymous_1)
FN:20,(anonymous_2)
FN:22,(anonymous_3)
FN:40,(anonymous_4)
FNF:5
FNH:3
FNDA:31,(anonymous_0)
FNDA:16,(anonymous_1)
FNDA:0,(anonymous_2)
FNDA:0,(anonymous_3)
FNDA:1,(anonymous_4)
DA:1,1
DA:2,31
DA:3,30
DA:4,23
DA:5,5
DA:7,25
DA:10,1
DA:11,16
DA:12,16
DA:13,30
DA:14,25
DA:17,16
DA:20,1
DA:22,1
DA:23,0
DA:24,0
DA:25,0
DA:26,0
DA:27,0
DA:29,0
DA:31,0
DA:32,0
DA:35,0
DA:40,1
DA:41,1
DA:42,1
DA:43,1
DA:45,1
DA:46,14
DA:47,14
DA:48,19
DA:49,9
DA:52,14
DA:53,8
DA:55,6
DA:58,1
DA:61,1
LF:37
LH:28
BRDA:2,0,0,1
BRDA:2,0,1,30
BRDA:4,1,0,5
BRDA:4,1,1,18
BRDA:13,2,0,25
BRDA:13,2,1,5
BRDA:20,3,0,0
BRDA:20,3,1,0
BRDA:25,4,0,0
BRDA:25,4,1,0
BRDA:31,5,0,0
BRDA:31,5,1,0
BRDA:48,6,0,9
BRDA:48,6,1,10
BRDA:52,7,0,8
BRDA:52,7,1,6
BRF:16
BRH:10
end_of_record
